生成启动时间为 2015/10/22 22:23:10。
     1>项目“F:\UD 上课\computer architecture\Para project\paraproject\paraproject\paraproject.vcxproj”在节点 2 上(build 个目标)。
     1>InitializeBuildStatus:
         正在创建“Debug\paraproject.unsuccessfulbuild”，因为已指定“AlwaysCreate”。
       ClCompile:
         D:\Program Files\VisualStudio\VC\bin\CL.exe /c /ZI /nologo /W3 /WX- /Od /Oy- /D _MBCS /Gm /EHsc /RTC1 /MDd /GS /fp:precise /Zc:wchar_t /Zc:forScope /Fo"Debug\\" /Fd"Debug\vc100.pdb" /Gd /TP /analyze- /errorReport:prompt Markov_Chain.cpp
         Markov_Chain.cpp
     1>f:\ud 上课\computer architecture\para project\paraproject\paraproject\markov_chain.cpp(25): warning C4018: “<”: 有符号/无符号不匹配
     1>f:\ud 上课\computer architecture\para project\paraproject\paraproject\markov_chain.cpp(54): warning C4244: “=”: 从“float”转换到“int”，可能丢失数据
     1>f:\ud 上课\computer architecture\para project\paraproject\paraproject\markov_chain.cpp(200): warning C4018: “<”: 有符号/无符号不匹配
     1>f:\ud 上课\computer architecture\para project\paraproject\paraproject\markov_chain.cpp(304): warning C4996: 'scanf': This function or variable may be unsafe. Consider using scanf_s instead. To disable deprecation, use _CRT_SECURE_NO_WARNINGS. See online help for details.
                 d:\program files\visualstudio\vc\include\stdio.h(304) : 参见“scanf”的声明
     1>f:\ud 上课\computer architecture\para project\paraproject\paraproject\markov_chain.cpp(174): warning C4101: “same_state_number”: 未引用的局部变量
       Link:
         D:\Program Files\VisualStudio\VC\bin\link.exe /ERRORREPORT:PROMPT /OUT:"F:\UD 上课\computer architecture\Para project\paraproject\Debug\paraproject.exe" /NOLOGO kernel32.lib user32.lib gdi32.lib winspool.lib comdlg32.lib advapi32.lib shell32.lib ole32.lib oleaut32.lib uuid.lib odbc32.lib odbccp32.lib /MANIFEST /ManifestFile:"Debug\paraproject.exe.intermediate.manifest" /MANIFESTUAC:"level='asInvoker' uiAccess='false'" /DEBUG /PDB:"F:\UD 上课\computer architecture\Para project\paraproject\Debug\paraproject.pdb" /TLBID:1 /DYNAMICBASE /NXCOMPAT /IMPLIB:"F:\UD 上课\computer architecture\Para project\paraproject\Debug\paraproject.lib" /MACHINE:X86 Debug\Markov_Chain.obj
         LINK : 没有找到 F:\UD 上课\computer architecture\Para project\paraproject\Debug\paraproject.exe 或上一个增量链接没有生成它；正在执行完全链接
         paraproject.vcxproj -> F:\UD 上课\computer architecture\Para project\paraproject\Debug\paraproject.exe
       Manifest:
         C:\Program Files (x86)\Microsoft SDKs\Windows\v7.0A\bin\mt.exe /nologo /verbose /outputresource:"F:\UD 上课\computer architecture\Para project\paraproject\Debug\paraproject.exe;#1" /manifest Debug\paraproject.exe.intermediate.manifest
       FinalizeBuildStatus:
         正在删除文件“Debug\paraproject.unsuccessfulbuild”。
         正在对“Debug\paraproject.lastbuildstate”执行 Touch 任务。
     1>已完成生成项目“F:\UD 上课\computer architecture\Para project\paraproject\paraproject\paraproject.vcxproj”(build 个目标)的操作。

生成成功。

已用时间 00:00:00.62
